  Building Custom Rule C:/Users/OSKUR/Downloads/SFML-2.5.1-sources/SFML-2.5.1/src/SFML/System/CMakeLists.txt
  Clock.cpp
  Err.cpp
  Lock.cpp
  Mutex.cpp
  Sleep.cpp
  String.cpp
  Thread.cpp
  ThreadLocal.cpp
  Time.cpp
  FileInputStream.cpp
  MemoryInputStream.cpp
  ClockImpl.cpp
C:\Users\OSKUR\Downloads\SFML-2.5.1-sources\SFML-2.5.1\src\SFML\System\Win32\ClockImpl.cpp(46,5): warning C4996: 'GetVersion': został uznany za przestarzały
C:\Program Files (x86)\Windows Kits\10\Include\10.0.18362.0\um\sysinfoapi.h(144): message : zobacz deklarację „GetVersion”
  MutexImpl.cpp
  SleepImpl.cpp
  ThreadImpl.cpp
  ThreadLocalImpl.cpp
  Generowanie kodu...
  sfml-system.vcxproj -> C:\Users\OSKUR\Downloads\sfml\lib\Release\sfml-system-s.lib
