e:\projekty\programowanie\pprog_końcowy\pprog_project\sfml projekt\debug\vc142.pdb
e:\projekty\programowanie\pprog_końcowy\pprog_project\sfml projekt\debug\vc142.idb
e:\projekty\programowanie\pprog_końcowy\pprog_project\sfml projekt\debug\window.obj
e:\projekty\programowanie\pprog_końcowy\pprog_project\sfml projekt\debug\menu.obj
e:\projekty\programowanie\pprog_końcowy\pprog_project\sfml projekt\debug\main.obj
e:\projekty\programowanie\pprog_końcowy\pprog_project\sfml projekt\debug\ientity.obj
e:\projekty\programowanie\pprog_końcowy\pprog_project\sfml projekt\debug\game.obj
e:\projekty\programowanie\pprog_końcowy\pprog_project\sfml projekt\debug\enemy.obj
e:\projekty\programowanie\pprog_końcowy\pprog_project\sfml projekt\debug\bullet_b.obj
e:\projekty\programowanie\pprog_końcowy\pprog_project\sfml projekt\debug\authors.obj
e:\projekty\programowanie\pprog_końcowy\pprog_project\sfml projekt\debug\difficulty.obj
e:\projekty\programowanie\pprog_końcowy\pprog_project\sfml projekt\debug\pausemenu.obj
e:\projekty\programowanie\pprog_końcowy\pprog_project\sfml projekt\debug\endscreen.obj
e:\projekty\programowanie\pprog_końcowy\pprog_project\debug\sfml projekt.ilk
e:\projekty\programowanie\pprog_końcowy\pprog_project\debug\sfml projekt.exe
e:\projekty\programowanie\pprog_końcowy\pprog_project\debug\sfml projekt.pdb
e:\projekty\programowanie\pprog_końcowy\pprog_project\sfml projekt\debug\sfml projekt.tlog\cl.command.1.tlog
e:\projekty\programowanie\pprog_końcowy\pprog_project\sfml projekt\debug\sfml projekt.tlog\cl.read.1.tlog
e:\projekty\programowanie\pprog_końcowy\pprog_project\sfml projekt\debug\sfml projekt.tlog\cl.write.1.tlog
e:\projekty\programowanie\pprog_końcowy\pprog_project\sfml projekt\debug\sfml projekt.tlog\link.command.1.tlog
e:\projekty\programowanie\pprog_końcowy\pprog_project\sfml projekt\debug\sfml projekt.tlog\link.read.1.tlog
e:\projekty\programowanie\pprog_końcowy\pprog_project\sfml projekt\debug\sfml projekt.tlog\link.write.1.tlog
